2025-02-23 07:25:05 - multipart.multipart - DEBUG - Calling on_part_begin with no data
2025-02-23 07:25:05 - multipart.multipart - DEBUG - Calling on_header_field with data[42:61]
2025-02-23 07:25:05 - multipart.multipart - DEBUG - Calling on_header_value with data[63:89]
2025-02-23 07:25:05 - multipart.multipart - DEBUG - Calling on_header_end with no data
2025-02-23 07:25:05 - multipart.multipart - DEBUG - Calling on_headers_finished with no data
2025-02-23 07:25:05 - multipart.multipart - DEBUG - Calling on_part_data with data[93:104]
2025-02-23 07:25:05 - multipart.multipart - DEBUG - Calling on_part_end with no data
2025-02-23 07:25:05 - multipart.multipart - DEBUG - Calling on_part_begin with no data
2025-02-23 07:25:05 - multipart.multipart - DEBUG - Calling on_header_field with data[148:167]
2025-02-23 07:25:05 - multipart.multipart - DEBUG - Calling on_header_value with data[169:195]
2025-02-23 07:25:05 - multipart.multipart - DEBUG - Calling on_header_end with no data
2025-02-23 07:25:05 - multipart.multipart - DEBUG - Calling on_headers_finished with no data
2025-02-23 07:25:05 - multipart.multipart - DEBUG - Calling on_part_data with data[199:207]
2025-02-23 07:25:05 - multipart.multipart - DEBUG - Calling on_part_end with no data
2025-02-23 07:25:05 - multipart.multipart - DEBUG - Calling on_end with no data
2025-02-23 07:25:05 - app.logger - INFO - User found: new@new.new
2025-02-23 07:25:05 - passlib.handlers.bcrypt - DEBUG - detected 'bcrypt' backend, version '4.0.1'
2025-02-23 07:25:05 - passlib.handlers.bcrypt - DEBUG - 'bcrypt' backend lacks $2$ support, enabling workaround
2025-02-23 07:25:05 - app.logger - INFO - User authenticated: new@new.new
2025-02-23 07:25:05 - app.logger - INFO - User authenticated: new@new.new
2025-02-23 07:25:05 - app.logger - INFO - Attendances retrieved: 15
2025-02-23 07:26:05 - multipart.multipart - DEBUG - Calling on_part_begin with no data
2025-02-23 07:26:05 - multipart.multipart - DEBUG - Calling on_header_field with data[42:61]
2025-02-23 07:26:05 - multipart.multipart - DEBUG - Calling on_header_value with data[63:89]
2025-02-23 07:26:05 - multipart.multipart - DEBUG - Calling on_header_end with no data
2025-02-23 07:26:05 - multipart.multipart - DEBUG - Calling on_headers_finished with no data
2025-02-23 07:26:05 - multipart.multipart - DEBUG - Calling on_part_data with data[93:104]
2025-02-23 07:26:05 - multipart.multipart - DEBUG - Calling on_part_end with no data
2025-02-23 07:26:05 - multipart.multipart - DEBUG - Calling on_part_begin with no data
2025-02-23 07:26:05 - multipart.multipart - DEBUG - Calling on_header_field with data[148:167]
2025-02-23 07:26:05 - multipart.multipart - DEBUG - Calling on_header_value with data[169:195]
2025-02-23 07:26:05 - multipart.multipart - DEBUG - Calling on_header_end with no data
2025-02-23 07:26:05 - multipart.multipart - DEBUG - Calling on_headers_finished with no data
2025-02-23 07:26:05 - multipart.multipart - DEBUG - Calling on_part_data with data[199:207]
2025-02-23 07:26:05 - multipart.multipart - DEBUG - Calling on_part_end with no data
2025-02-23 07:26:05 - multipart.multipart - DEBUG - Calling on_end with no data
2025-02-23 07:26:05 - app.logger - INFO - User found: new@new.new
2025-02-23 07:26:05 - app.logger - INFO - User authenticated: new@new.new
2025-02-23 07:26:05 - app.logger - INFO - User authenticated: new@new.new
2025-02-23 07:26:05 - app.logger - INFO - Attendances retrieved: 15
2025-02-23 07:26:26 - watchfiles.main - DEBUG - 1 change detected: {(<Change.modified: 2>, '/Users/hazimal/Projects/Attendance/backend/backend.log')}
2025-02-23 07:37:50 - app.logger - INFO - Attendances retrieved: 15
2025-02-23 18:59:36 - multipart.multipart - DEBUG - Calling on_part_begin with no data
2025-02-23 18:59:36 - multipart.multipart - DEBUG - Calling on_header_field with data[42:61]
2025-02-23 18:59:36 - multipart.multipart - DEBUG - Calling on_header_value with data[63:89]
2025-02-23 18:59:36 - multipart.multipart - DEBUG - Calling on_header_end with no data
2025-02-23 18:59:36 - multipart.multipart - DEBUG - Calling on_headers_finished with no data
2025-02-23 18:59:36 - multipart.multipart - DEBUG - Calling on_part_data with data[93:104]
2025-02-23 18:59:36 - multipart.multipart - DEBUG - Calling on_part_end with no data
2025-02-23 18:59:36 - multipart.multipart - DEBUG - Calling on_part_begin with no data
2025-02-23 18:59:36 - multipart.multipart - DEBUG - Calling on_header_field with data[148:167]
2025-02-23 18:59:36 - multipart.multipart - DEBUG - Calling on_header_value with data[169:195]
2025-02-23 18:59:36 - multipart.multipart - DEBUG - Calling on_header_end with no data
2025-02-23 18:59:36 - multipart.multipart - DEBUG - Calling on_headers_finished with no data
2025-02-23 18:59:36 - multipart.multipart - DEBUG - Calling on_part_data with data[199:207]
2025-02-23 18:59:36 - multipart.multipart - DEBUG - Calling on_part_end with no data
2025-02-23 18:59:36 - multipart.multipart - DEBUG - Calling on_end with no data
2025-02-23 18:59:36 - app.logger - INFO - User found: new@new.new
2025-02-23 18:59:36 - passlib.handlers.bcrypt - DEBUG - detected 'bcrypt' backend, version '4.0.1'
2025-02-23 18:59:36 - passlib.handlers.bcrypt - DEBUG - 'bcrypt' backend lacks $2$ support, enabling workaround
2025-02-23 18:59:36 - app.logger - INFO - User authenticated: new@new.new
2025-02-23 18:59:36 - app.logger - INFO - User authenticated: new@new.new
2025-02-23 18:59:36 - app.logger - INFO - Attendances retrieved: 15
2025-02-23 19:01:54 - app.logger - INFO - Attendances retrieved: 15
2025-02-23 19:02:31 - multipart.multipart - DEBUG - Calling on_part_begin with no data
2025-02-23 19:02:31 - multipart.multipart - DEBUG - Calling on_header_field with data[42:61]
2025-02-23 19:02:31 - multipart.multipart - DEBUG - Calling on_header_value with data[63:89]
2025-02-23 19:02:31 - multipart.multipart - DEBUG - Calling on_header_end with no data
2025-02-23 19:02:31 - multipart.multipart - DEBUG - Calling on_headers_finished with no data
2025-02-23 19:02:31 - multipart.multipart - DEBUG - Calling on_part_data with data[93:110]
2025-02-23 19:02:31 - multipart.multipart - DEBUG - Calling on_part_end with no data
2025-02-23 19:02:31 - multipart.multipart - DEBUG - Calling on_part_begin with no data
2025-02-23 19:02:31 - multipart.multipart - DEBUG - Calling on_header_field with data[154:173]
2025-02-23 19:02:31 - multipart.multipart - DEBUG - Calling on_header_value with data[175:201]
2025-02-23 19:02:31 - multipart.multipart - DEBUG - Calling on_header_end with no data
2025-02-23 19:02:31 - multipart.multipart - DEBUG - Calling on_headers_finished with no data
2025-02-23 19:02:31 - multipart.multipart - DEBUG - Calling on_part_data with data[205:237]
2025-02-23 19:02:31 - multipart.multipart - DEBUG - Calling on_part_end with no data
2025-02-23 19:02:31 - multipart.multipart - DEBUG - Calling on_end with no data
2025-02-23 19:02:31 - app.logger - INFO - User found: hazimal@gmail.com
2025-02-23 19:02:31 - app.logger - INFO - User authenticated: hazimal@gmail.com
2025-02-23 19:02:31 - app.logger - INFO - User authenticated: hazimal@gmail.com
2025-02-23 19:02:31 - app.logger - INFO - Attendances retrieved: 15
2025-02-23 19:03:36 - app.logger - INFO - Attendances retrieved: 15
